0 info it worked if it ends with ok
1 verbose cli [ 'C:\\Program Files\\nodejs\\node.exe',
1 verbose cli   'C:\\Program Files\\nodejs\\node_modules\\npm\\bin\\npm-cli.js',
1 verbose cli   'start',
1 verbose cli   'server.js' ]
2 info using npm@3.10.10
3 info using node@v6.11.5
4 verbose run-script [ 'prestart', 'start', 'poststart' ]
5 info lifecycle meantutorial@1.0.0~prestart: meantutorial@1.0.0
6 silly lifecycle meantutorial@1.0.0~prestart: no script for prestart, continuing
7 info lifecycle meantutorial@1.0.0~start: meantutorial@1.0.0
8 verbose lifecycle meantutorial@1.0.0~start: unsafe-perm in lifecycle true
9 verbose lifecycle meantutorial@1.0.0~start: PATH: C:\Program Files\nodejs\node_modules\npm\bin\node-gyp-bin;D:\Final\Flame.com\node_modules\.bin;C:\ProgramData\Oracle\Java\javapath;C:\Windows\system32;C:\Windows;C:\Windows\System32\Wbem;C:\Windows\System32\WindowsPowerShell\v1.0\;C:\Program Files (x86)\ATI Technologies\ATI.ACE\Core-Static;C:\Program Files (x86)\AMD\ATI.ACE\Core-Static;C:\Program Files (x86)\Skype\Phone\;D:\Git\cmd;C:\Program Files\nodejs\;C:\Users\Hrisi\AppData\Local\Microsoft\WindowsApps;C:\Program Files (x86)\Microsoft VS Code\bin;C:\Users\Hrisi\AppData\Local\GitHubDesktop\bin;C:\Program Files\Heroku\bin;C:\Users\Hrisi\AppData\Roaming\npm;C:\mongodb\bin
10 verbose lifecycle meantutorial@1.0.0~start: CWD: D:\Final\Flame.com
11 silly lifecycle meantutorial@1.0.0~start: Args: [ '/d /s /c', 'node server.js "server.js"' ]
12 silly lifecycle meantutorial@1.0.0~start: Returned: code: 3221225786  signal: null
13 info lifecycle meantutorial@1.0.0~start: Failed to exec start script
14 verbose stack Error: meantutorial@1.0.0 start: `node server.js "server.js"`
14 verbose stack Exit status 3221225786
14 verbose stack     at EventEmitter.<anonymous> (C:\Program Files\nodejs\node_modules\npm\lib\utils\lifecycle.js:255:16)
14 verbose stack     at emitTwo (events.js:106:13)
14 verbose stack     at EventEmitter.emit (events.js:191:7)
14 verbose stack     at ChildProcess.<anonymous> (C:\Program Files\nodejs\node_modules\npm\lib\utils\spawn.js:40:14)
14 verbose stack     at emitTwo (events.js:106:13)
14 verbose stack     at ChildProcess.emit (events.js:191:7)
14 verbose stack     at maybeClose (internal/child_process.js:920:16)
14 verbose stack     at Process.ChildProcess._handle.onexit (internal/child_process.js:230:5)
15 verbose pkgid meantutorial@1.0.0
16 verbose cwd D:\Final\Flame.com
17 error Windows_NT 10.0.14393
18 error argv "C:\\Program Files\\nodejs\\node.exe" "C:\\Program Files\\nodejs\\node_modules\\npm\\bin\\npm-cli.js" "start" "server.js"
19 error node v6.11.5
20 error npm  v3.10.10
21 error code ELIFECYCLE
22 error meantutorial@1.0.0 start: `node server.js "server.js"`
22 error Exit status 3221225786
23 error Failed at the meantutorial@1.0.0 start script 'node server.js "server.js"'.
23 error Make sure you have the latest version of node.js and npm installed.
23 error If you do, this is most likely a problem with the meantutorial package,
23 error not with npm itself.
23 error Tell the author that this fails on your system:
23 error     node server.js "server.js"
23 error You can get information on how to open an issue for this project with:
23 error     npm bugs meantutorial
23 error Or if that isn't available, you can get their info via:
23 error     npm owner ls meantutorial
23 error There is likely additional logging output above.
24 verbose exit [ 1, true ]
